# JRE version: 7.0_21-b02
# Java VM: OpenJDK 64-Bit Server VM (23.7-b01 mixed mode linux-amd64 compressed oops)
Heap
 PSYoungGen      total 36928K, used 4436K [0x00000007d6c00000, 0x00000007d9530000, 0x0000000800000000)
  eden space 31680K, 14% used [0x00000007d6c00000,0x00000007d7055090,0x00000007d8af0000)
  from space 5248K, 0% used [0x00000007d8af0000,0x00000007d8af0000,0x00000007d9010000)
  to   space 5248K, 0% used [0x00000007d9010000,0x00000007d9010000,0x00000007d9530000)
 ParOldGen       total 84480K, used 630K [0x0000000784400000, 0x0000000789680000, 0x00000007d6c00000)
  object space 84480K, 0% used [0x0000000784400000,0x000000078449da58,0x0000000789680000)
 PSPermGen       total 21248K, used 6014K [0x0000000779e00000, 0x000000077b2c0000, 0x0000000784400000)
  object space 21248K, 28% used [0x0000000779e00000,0x000000077a3df968,0x000000077b2c0000)
GC Heap History (4 events):
Event: 0.353 GC heap before
{Heap before GC invocations=1 (full 0):
 PSYoungGen      total 36928K, used 2559K [0x00000007d6c00000, 0x00000007d9530000, 0x0000000800000000)
  eden space 31680K, 8% used [0x00000007d6c00000,0x00000007d6e7fdf8,0x00000007d8af0000)
  from space 5248K, 0% used [0x00000007d9010000,0x00000007d9010000,0x00000007d9530000)
  to   space 5248K, 0% used [0x00000007d8af0000,0x00000007d8af0000,0x00000007d9010000)
 ParOldGen       total 84480K, used 0K [0x0000000784400000, 0x0000000789680000, 0x00000007d6c00000)
  object space 84480K, 0% used [0x0000000784400000,0x0000000784400000,0x0000000789680000)
 PSPermGen       total 21248K, used 5143K [0x0000000779e00000, 0x000000077b2c0000, 0x0000000784400000)
  object space 21248K, 24% used [0x0000000779e00000,0x000000077a305c38,0x000000077b2c0000)
Event: 0.355 GC heap after
Heap after GC invocations=1 (full 0):
 PSYoungGen      total 36928K, used 736K [0x00000007d6c00000, 0x00000007d9530000, 0x0000000800000000)
  eden space 31680K, 0% used [0x00000007d6c00000,0x00000007d6c00000,0x00000007d8af0000)
  from space 5248K, 14% used [0x00000007d8af0000,0x00000007d8ba8000,0x00000007d9010000)
  to   space 5248K, 0% used [0x00000007d9010000,0x00000007d9010000,0x00000007d9530000)
 ParOldGen       total 84480K, used 8K [0x0000000784400000, 0x0000000789680000, 0x00000007d6c00000)
  object space 84480K, 0% used [0x0000000784400000,0x0000000784402000,0x0000000789680000)
 PSPermGen       total 21248K, used 5143K [0x0000000779e00000, 0x000000077b2c0000, 0x0000000784400000)
  object space 21248K, 24% used [0x0000000779e00000,0x000000077a305c38,0x000000077b2c0000)
}
Event: 0.355 GC heap before
{Heap before GC invocations=2 (full 1):
 PSYoungGen      total 36928K, used 736K [0x00000007d6c00000, 0x00000007d9530000, 0x0000000800000000)
  eden space 31680K, 0% used [0x00000007d6c00000,0x00000007d6c00000,0x00000007d8af0000)
  from space 5248K, 14% used [0x00000007d8af0000,0x00000007d8ba8000,0x00000007d9010000)
  to   space 5248K, 0% used [0x00000007d9010000,0x00000007d9010000,0x00000007d9530000)
 ParOldGen       total 84480K, used 8K [0x0000000784400000, 0x0000000789680000, 0x00000007d6c00000)
  object space 84480K, 0% used [0x0000000784400000,0x0000000784402000,0x0000000789680000)
 PSPermGen       total 21248K, used 5143K [0x0000000779e00000, 0x000000077b2c0000, 0x0000000784400000)
  object space 21248K, 24% used [0x0000000779e00000,0x000000077a305c38,0x000000077b2c0000)
Event: 0.365 GC heap after
Heap after GC invocations=2 (full 1):
 PSYoungGen      total 36928K, used 0K [0x00000007d6c00000, 0x00000007d9530000, 0x0000000800000000)
  eden space 31680K, 0% used [0x00000007d6c00000,0x00000007d6c00000,0x00000007d8af0000)
  from space 5248K, 0% used [0x00000007d8af0000,0x00000007d8af0000,0x00000007d9010000)
  to   space 5248K, 0% used [0x00000007d9010000,0x00000007d9010000,0x00000007d9530000)
 ParOldGen       total 84480K, used 630K [0x0000000784400000, 0x0000000789680000, 0x00000007d6c00000)
  object space 84480K, 0% used [0x0000000784400000,0x000000078449da58,0x0000000789680000)
 PSPermGen       total 21248K, used 5140K [0x0000000779e00000, 0x000000077b2c0000, 0x0000000784400000)
  object space 21248K, 24% used [0x0000000779e00000,0x000000077a305240,0x000000077b2c0000)
}

